0 info it worked if it ends with ok
1 verbose cli [ 'node', '/usr/local/bin/npm', 'install', 'fs' ]
2 info using npm@1.2.15
3 info using node@v0.10.1
4 verbose read json /Applications/MAMP/htdocs/calendar_scrapper/package.json
5 verbose read json /Applications/MAMP/htdocs/calendar_scrapper/node_modules/async/package.json
6 verbose read json /Applications/MAMP/htdocs/calendar_scrapper/node_modules/cheerio/package.json
7 verbose read json /Applications/MAMP/htdocs/calendar_scrapper/node_modules/ical/package.json
8 verbose read json /Applications/MAMP/htdocs/calendar_scrapper/node_modules/icalevent/package.json
9 verbose read json /Applications/MAMP/htdocs/calendar_scrapper/node_modules/jsonfile/package.json
10 verbose read json /Applications/MAMP/htdocs/calendar_scrapper/node_modules/request/package.json
11 verbose read json /Applications/MAMP/htdocs/calendar_scrapper/package.json
12 verbose cache add [ 'fs', null ]
13 verbose cache add name=undefined spec="fs" args=["fs",null]
14 verbose parsed url { protocol: null,
14 verbose parsed url   slashes: null,
14 verbose parsed url   auth: null,
14 verbose parsed url   host: null,
14 verbose parsed url   port: null,
14 verbose parsed url   hostname: null,
14 verbose parsed url   hash: null,
14 verbose parsed url   search: null,
14 verbose parsed url   query: null,
14 verbose parsed url   pathname: 'fs',
14 verbose parsed url   path: 'fs',
14 verbose parsed url   href: 'fs' }
15 silly lockFile 3f4bb586-fs fs
16 verbose lock fs /Users/sergeikostevitch/.npm/3f4bb586-fs.lock
17 silly lockFile 3f4bb586-fs fs
18 silly lockFile 3f4bb586-fs fs
19 verbose addNamed [ 'fs', '' ]
20 verbose addNamed [ null, '' ]
21 silly lockFile a107b96b-fs fs@
22 verbose lock fs@ /Users/sergeikostevitch/.npm/a107b96b-fs.lock
23 silly addNameRange { name: 'fs', range: '', hasData: false }
24 verbose url raw fs
25 verbose url resolving [ 'https://registry.npmjs.org/', './fs' ]
26 verbose url resolved https://registry.npmjs.org/fs
27 info trying registry request attempt 1 at 13:11:17
28 http GET https://registry.npmjs.org/fs
29 http 404 https://registry.npmjs.org/fs
30 silly registry.get cb [ 404,
30 silly registry.get   { date: 'Tue, 25 Feb 2014 12:11:19 GMT',
30 silly registry.get     server: 'CouchDB/1.5.0 (Erlang OTP/R16B)',
30 silly registry.get     'content-type': 'application/json',
30 silly registry.get     via: '1.1 varnish',
30 silly registry.get     'cache-control': 'max-age=0',
30 silly registry.get     'content-length': '52',
30 silly registry.get     'accept-ranges': 'bytes',
30 silly registry.get     age: '0',
30 silly registry.get     'x-served-by': 'cache-v36-ASH, cache-fra1235-FRA',
30 silly registry.get     'x-cache': 'MISS, MISS',
30 silly registry.get     'x-cache-hits': '0, 0',
30 silly registry.get     'x-timer': 'S1393330279.785095692,VS0,VS-104,VE-85,VE112',
30 silly registry.get     'keep-alive': 'timeout=10, max=50',
30 silly registry.get     connection: 'Keep-Alive' } ]
31 silly lockFile a107b96b-fs fs@
32 silly lockFile a107b96b-fs fs@
33 error 404 'fs' is not in the npm registry.
33 error 404 You should bug the author to publish it
33 error 404
33 error 404 Note that you can also install from a
33 error 404 tarball, folder, or http url, or git url.
34 error System Darwin 13.0.0
35 error command "node" "/usr/local/bin/npm" "install" "fs"
36 error cwd /Applications/MAMP/htdocs/calendar_scrapper
37 error node -v v0.10.1
38 error npm -v 1.2.15
39 error code E404
40 verbose exit [ 1, true ]
